module_life/build/intermediates/manifest_merge_blame_file/release/manifest-merger-blame-release-report.txt
1<?xml version="1.0" encoding="utf-8"?>
2<manifest xmlns:android="http://schemas.android.com/apk/res/android"
3    package="com.example.module.life" >
4
5    <uses-sdk android:minSdkVersion="24" />
6
7    <application>
7-->src\main\AndroidManifest.xml:4:5-11:19
8        <activity
8-->src\main\AndroidManifest.xml:5:9-7:40
9            android:name="com.example.module.life.ui.Activity.WebActivity"
9-->src\main\AndroidManifest.xml:6:13-52
10            android:exported="false" />
10-->src\main\AndroidManifest.xml:7:13-37
11        <activity
11-->src\main\AndroidManifest.xml:8:9-10:40
12            android:name="com.example.module.life.ui.Activity.SearchActivity"
12-->src\main\AndroidManifest.xml:9:13-55
13            android:exported="false" />
13-->src\main\AndroidManifest.xml:10:13-37
14    </application>
15
16</manifest>